Collecting django
  Using cached django-5.2.12-py3-none-any.whl (8.3 MB)
Collecting python-dotenv
  Using cached python_dotenv-1.2.2-py3-none-any.whl (22 kB)
Collecting whitenoise
  Using cached whitenoise-6.12.0-py3-none-any.whl (20 kB)
Collecting psycopg2-binary
  Using cached psycopg2_binary-2.9.11-cp310-cp310-manylinux2014_x86_64.manylinux_2_17_x86_64.whl (4.2 MB)
Collecting gunicorn
  Using cached gunicorn-25.1.0-py3-none-any.whl (197 kB)
Collecting django-widget-tweaks
  Downloading django_widget_tweaks-1.5.1-py3-none-any.whl (9.6 kB)
Collecting mysqlclient
  Using cached mysqlclient-2.2.8.tar.gz (92 kB)
  Installing build dependencies: started
  Installing build dependencies: finished with status 'done'
  Getting requirements to build wheel: started
  Getting requirements to build wheel: finished with status 'error'
  error: subprocess-exited-with-error
  
  × Getting requirements to build wheel did not run successfully.
  │ exit code: 1
  ╰─> [26 lines of output]
      Trying pkg-config --exists mysqlclient
      Command 'pkg-config --exists mysqlclient' returned non-zero exit status 1.
      Trying pkg-config --exists mariadb
      Command 'pkg-config --exists mariadb' returned non-zero exit status 1.
      Trying pkg-config --exists libmariadb
      Command 'pkg-config --exists libmariadb' returned non-zero exit status 1.
      Trying pkg-config --exists perconaserverclient
      Command 'pkg-config --exists perconaserverclient' returned non-zero exit status 1.
      Traceback (most recent call last):
        File "/home/shahasil/Downloads/ecogreen/venv/lib/python3.10/site-packages/pip/_vendor/pep517/in_process/_in_process.py", line 363, in <module>
          main()
        File "/home/shahasil/Downloads/ecogreen/venv/lib/python3.10/site-packages/pip/_vendor/pep517/in_process/_in_process.py", line 345, in main
          json_out['return_val'] = hook(**hook_input['kwargs'])
        File "/home/shahasil/Downloads/ecogreen/venv/lib/python3.10/site-packages/pip/_vendor/pep517/in_process/_in_process.py", line 130, in get_requires_for_build_wheel
          return hook(config_settings)
        File "/tmp/pip-build-env-mlahj27m/overlay/lib/python3.10/site-packages/setuptools/build_meta.py", line 333, in get_requires_for_build_wheel
          return self._get_build_requires(config_settings, requirements=[])
        File "/tmp/pip-build-env-mlahj27m/overlay/lib/python3.10/site-packages/setuptools/build_meta.py", line 301, in _get_build_requires
          self.run_setup()
        File "/tmp/pip-build-env-mlahj27m/overlay/lib/python3.10/site-packages/setuptools/build_meta.py", line 317, in run_setup
          exec(code, locals())
        File "<string>", line 156, in <module>
        File "<string>", line 49, in get_config_posix
        File "<string>", line 28, in find_package_name
      Exception: Can not find valid pkg-config name.
      Specify MYSQLCLIENT_CFLAGS and MYSQLCLIENT_LDFLAGS env vars manually
      [end of output]
  
  note: This error originates from a subprocess, and is likely not a problem with pip.
error: subprocess-exited-with-error

× Getting requirements to build wheel did not run successfully.
│ exit code: 1
╰─> See above for output.

note: This error originates from a subprocess, and is likely not a problem with pip.
